  main.cpp
C:\Program Files\Microsoft Visual Studio\2022\Community\VC\Tools\MSVC\14.44.35207\include\filesystem(12): warning STL4038: The contents of <filesystem> are available only with C++17 or later.
D:\Visual Studio 2022\My Exported Templates\PROJEK\main.cpp(54,22): warning C4244: '=': conversion from 'LONG' to 'float', possible loss of data
D:\Visual Studio 2022\My Exported Templates\PROJEK\main.cpp(55,20): warning C4244: '=': conversion from 'LONG' to 'float', possible loss of data
D:\Visual Studio 2022\My Exported Templates\PROJEK\main.cpp(155,11): warning C4244: '=': conversion from 'double' to 'GLfloat', possible loss of data
D:\Visual Studio 2022\My Exported Templates\PROJEK\main.cpp(156,11): warning C4244: '=': conversion from 'double' to 'GLfloat', possible loss of data
D:\Visual Studio 2022\My Exported Templates\PROJEK\main.cpp(163,10): warning C4244: '=': conversion from 'double' to 'GLfloat', possible loss of data
D:\Visual Studio 2022\My Exported Templates\PROJEK\main.cpp(164,10): warning C4244: '=': conversion from 'double' to 'GLfloat', possible loss of data
D:\Visual Studio 2022\My Exported Templates\PROJEK\main.cpp(399,11): warning C4244: '=': conversion from 'double' to 'GLfloat', possible loss of data
D:\Visual Studio 2022\My Exported Templates\PROJEK\main.cpp(400,11): warning C4244: '=': conversion from 'double' to 'GLfloat', possible loss of data
D:\Visual Studio 2022\My Exported Templates\PROJEK\main.cpp(686,10): warning C4244: 'initializing': conversion from 'double' to 'float', possible loss of data
D:\Visual Studio 2022\My Exported Templates\PROJEK\main.cpp(687,10): warning C4244: 'initializing': conversion from 'double' to 'float', possible loss of data
D:\Visual Studio 2022\My Exported Templates\PROJEK\main.cpp(715,54): warning C4244: 'argument': conversion from 'float' to 'int', possible loss of data
D:\Visual Studio 2022\My Exported Templates\PROJEK\main.cpp(715,40): warning C4244: 'argument': conversion from 'float' to 'int', possible loss of data
D:\Visual Studio 2022\My Exported Templates\PROJEK\main.cpp(790,24): warning C4838: conversion from 'FT_Pos' to 'GLuint' requires a narrowing conversion
glfw3.lib(init.obj) : warning LNK4099: PDB 'glfw.pdb' was not found with 'glfw3.lib(init.obj)' or at 'D:\Visual Studio 2022\My Exported Templates\PROJEK\x64\Debug\glfw.pdb'; linking object as if no debug info
glfw3.lib(window.obj) : warning LNK4099: PDB 'glfw.pdb' was not found with 'glfw3.lib(window.obj)' or at 'D:\Visual Studio 2022\My Exported Templates\PROJEK\x64\Debug\glfw.pdb'; linking object as if no debug info
glfw3.lib(input.obj) : warning LNK4099: PDB 'glfw.pdb' was not found with 'glfw3.lib(input.obj)' or at 'D:\Visual Studio 2022\My Exported Templates\PROJEK\x64\Debug\glfw.pdb'; linking object as if no debug info
glfw3.lib(context.obj) : warning LNK4099: PDB 'glfw.pdb' was not found with 'glfw3.lib(context.obj)' or at 'D:\Visual Studio 2022\My Exported Templates\PROJEK\x64\Debug\glfw.pdb'; linking object as if no debug info
glfw3.lib(win32_init.obj) : warning LNK4099: PDB 'glfw.pdb' was not found with 'glfw3.lib(win32_init.obj)' or at 'D:\Visual Studio 2022\My Exported Templates\PROJEK\x64\Debug\glfw.pdb'; linking object as if no debug info
glfw3.lib(win32_monitor.obj) : warning LNK4099: PDB 'glfw.pdb' was not found with 'glfw3.lib(win32_monitor.obj)' or at 'D:\Visual Studio 2022\My Exported Templates\PROJEK\x64\Debug\glfw.pdb'; linking object as if no debug info
glfw3.lib(win32_time.obj) : warning LNK4099: PDB 'glfw.pdb' was not found with 'glfw3.lib(win32_time.obj)' or at 'D:\Visual Studio 2022\My Exported Templates\PROJEK\x64\Debug\glfw.pdb'; linking object as if no debug info
glfw3.lib(monitor.obj) : warning LNK4099: PDB 'glfw.pdb' was not found with 'glfw3.lib(monitor.obj)' or at 'D:\Visual Studio 2022\My Exported Templates\PROJEK\x64\Debug\glfw.pdb'; linking object as if no debug info
glfw3.lib(vulkan.obj) : warning LNK4099: PDB 'glfw.pdb' was not found with 'glfw3.lib(vulkan.obj)' or at 'D:\Visual Studio 2022\My Exported Templates\PROJEK\x64\Debug\glfw.pdb'; linking object as if no debug info
glfw3.lib(win32_window.obj) : warning LNK4099: PDB 'glfw.pdb' was not found with 'glfw3.lib(win32_window.obj)' or at 'D:\Visual Studio 2022\My Exported Templates\PROJEK\x64\Debug\glfw.pdb'; linking object as if no debug info
glfw3.lib(win32_tls.obj) : warning LNK4099: PDB 'glfw.pdb' was not found with 'glfw3.lib(win32_tls.obj)' or at 'D:\Visual Studio 2022\My Exported Templates\PROJEK\x64\Debug\glfw.pdb'; linking object as if no debug info
glfw3.lib(win32_joystick.obj) : warning LNK4099: PDB 'glfw.pdb' was not found with 'glfw3.lib(win32_joystick.obj)' or at 'D:\Visual Studio 2022\My Exported Templates\PROJEK\x64\Debug\glfw.pdb'; linking object as if no debug info
glfw3.lib(wgl_context.obj) : warning LNK4099: PDB 'glfw.pdb' was not found with 'glfw3.lib(wgl_context.obj)' or at 'D:\Visual Studio 2022\My Exported Templates\PROJEK\x64\Debug\glfw.pdb'; linking object as if no debug info
glfw3.lib(egl_context.obj) : warning LNK4099: PDB 'glfw.pdb' was not found with 'glfw3.lib(egl_context.obj)' or at 'D:\Visual Studio 2022\My Exported Templates\PROJEK\x64\Debug\glfw.pdb'; linking object as if no debug info
  DiamondEngine.vcxproj -> D:\Visual Studio 2022\My Exported Templates\PROJEK\x64\Debug\DiamondEngine.exe
